-------------------------------------------------------------------------------
Test set: example.src.test.java.com.oracle.database.jsonduality.JSONDualitySampleApplicationTest
-------------------------------------------------------------------------------
Tests run: 1, Failures: 0, Errors: 1, Skipped: 0, Time elapsed: 24.83 s <<< FAILURE! -- in example.src.test.java.com.oracle.database.jsonduality.JSONDualitySampleApplicationTest
example.src.test.java.com.oracle.database.jsonduality.JSONDualitySampleApplicationTest.jsonDualityViewsSampleApplication -- Time elapsed: 1.161 s <<< ERROR!
org.springframework.jdbc.datasource.init.ScriptStatementFailedException: 
Failed to execute SQL script statement #11 of class path resource [init.sql]: begin execute immediate '
    create or replace json relational duality view students_dv as
    students @insert @update @delete {
        _id : id,
        first_name,
        last_name,
        email,
        major,
        gpa,
        credits,
        enrollments : enrollments @insert @update @delete
        {
            _id : id,
            course : courses @insert @update {
                _id : id,
                name,
                description,
                credits,
                lecture_hall: lecture_halls @insert @update {
                    _id: id,
                    name
                }
            }
        }
    }'
	at org.springframework.jdbc.datasource.init.ScriptUtils.executeSqlScript(ScriptUtils.java:282)
	at org.springframework.jdbc.datasource.init.ResourceDatabasePopulator.populate(ResourceDatabasePopulator.java:254)
	at org.springframework.jdbc.datasource.init.DatabasePopulatorUtils.execute(DatabasePopulatorUtils.java:54)
	at org.springframework.jdbc.datasource.init.ResourceDatabasePopulator.execute(ResourceDatabasePopulator.java:269)
	at org.springframework.test.context.jdbc.SqlScriptsTestExecutionListener.lambda$executeSqlScripts$9(SqlScriptsTestExecutionListener.java:362)
	at org.springframework.transaction.support.TransactionOperations.lambda$executeWithoutResult$0(TransactionOperations.java:68)
	at org.springframework.transaction.support.TransactionTemplate.execute(TransactionTemplate.java:140)
	at org.springframework.transaction.support.TransactionOperations.executeWithoutResult(TransactionOperations.java:67)
	at org.springframework.test.context.jdbc.SqlScriptsTestExecutionListener.executeSqlScripts(SqlScriptsTestExecutionListener.java:362)
	at org.springframework.test.context.jdbc.SqlScriptsTestExecutionListener.lambda$executeSqlScripts$4(SqlScriptsTestExecutionListener.java:275)
	at java.base/java.lang.Iterable.forEach(Iterable.java:75)
	at org.springframework.test.context.jdbc.SqlScriptsTestExecutionListener.executeSqlScripts(SqlScriptsTestExecutionListener.java:275)
	at org.springframework.test.context.jdbc.SqlScriptsTestExecutionListener.executeSqlScripts(SqlScriptsTestExecutionListener.java:222)
	at org.springframework.test.context.jdbc.SqlScriptsTestExecutionListener.beforeTestMethod(SqlScriptsTestExecutionListener.java:165)
	at org.springframework.test.context.TestContextManager.beforeTestMethod(TestContextManager.java:320)
	at org.springframework.test.context.junit.jupiter.SpringExtension.beforeEach(SpringExtension.java:240)
	at java.base/java.util.ArrayList.forEach(ArrayList.java:1511)
	at java.base/java.util.ArrayList.forEach(ArrayList.java:1511)
Caused by: java.sql.SQLException: ORA-06550: line 25, column 6:
PLS-00103: Encountered the symbol "end-of-file" when expecting one of the following:

   * & = - + ; < / > at in is mod remainder not rem return
   returning <an exponent (**)> <> or != or ~= >= <= <> and or
   like like2 like4 likec between into using || multiset bulk
   member submultiset <=> <-> <#>

	at oracle.jdbc.driver.T4CTTIoer11.processError(T4CTTIoer11.java:629)
	at oracle.jdbc.driver.T4CTTIoer11.processError(T4CTTIoer11.java:563)
	at oracle.jdbc.driver.T4C8Oall.processError(T4C8Oall.java:1230)
	at oracle.jdbc.driver.T4CTTIfun.receive(T4CTTIfun.java:771)
	at oracle.jdbc.driver.T4CTTIfun.doRPC(T4CTTIfun.java:298)
	at oracle.jdbc.driver.T4C8Oall.doOALL(T4C8Oall.java:511)
	at oracle.jdbc.driver.T4CStatement.doOall8(T4CStatement.java:122)
	at oracle.jdbc.driver.T4CStatement.executeForRows(T4CStatement.java:1199)
	at oracle.jdbc.driver.OracleStatement.executeSQLStatement(OracleStatement.java:1819)
	at oracle.jdbc.driver.OracleStatement.doExecuteWithTimeout(OracleStatement.java:1471)
	at oracle.jdbc.driver.OracleStatement.executeInternal(OracleStatement.java:2504)
	at oracle.jdbc.driver.OracleStatement.execute(OracleStatement.java:2459)
	at oracle.jdbc.driver.OracleStatementWrapper.execute(OracleStatementWrapper.java:327)
	at oracle.ucp.jdbc.proxy.oracle$1ucp$1jdbc$1proxy$1oracle$1StatementProxy$2oracle$1jdbc$1internal$1OracleStatement$$$Proxy.execute(Unknown Source)
	at org.springframework.jdbc.datasource.init.ScriptUtils.executeSqlScript(ScriptUtils.java:261)
	... 17 more
Caused by: Error : 6550, Position : 650, Sql = begin execute immediate '
    create or replace json relational duality view students_dv as
    students @insert @update @delete {
        _id : id,
        first_name,
        last_name,
        email,
        major,
        gpa,
        credits,
        enrollments : enrollments @insert @update @delete
        {
            _id : id,
            course : courses @insert @update {
                _id : id,
                name,
                description,
                credits,
                lecture_hall: lecture_halls @insert @update {
                    _id: id,
                    name
                }
            }
        }
    }', OriginalSql = begin execute immediate '
    create or replace json relational duality view students_dv as
    students @insert @update @delete {
        _id : id,
        first_name,
        last_name,
        email,
        major,
        gpa,
        credits,
        enrollments : enrollments @insert @update @delete
        {
            _id : id,
            course : courses @insert @update {
                _id : id,
                name,
                description,
                credits,
                lecture_hall: lecture_halls @insert @update {
                    _id: id,
                    name
                }
            }
        }
    }', Error Msg = ORA-06550: line 25, column 6:
PLS-00103: Encountered the symbol "end-of-file" when expecting one of the following:

   * & = - + ; < / > at in is mod remainder not rem return
   returning <an exponent (**)> <> or != or ~= >= <= <> and or
   like like2 like4 likec between into using || multiset bulk
   member submultiset <=> <-> <#>

	at oracle.jdbc.driver.T4CTTIoer11.processError(T4CTTIoer11.java:636)
	... 31 more

